<?xml version="1.0" encoding="UTF-8"?>
<testsuite name="com.chatty.utils.AuthenticationNumberUtilTest" tests="1" skipped="0" failures="0" errors="0" timestamp="2023-12-13T02:40:50" hostname="bagsang-yun-ui-MacBookPro.local" time="1.087">
  <properties/>
  <testcase name="인증번호 랜덤 생성 테스트" classname="com.chatty.utils.AuthenticationNumberUtilTest" time="1.087"/>
  <system-out><![CDATA[11:40:38.333 [Test worker] INFO org.springframework.test.context.support.AnnotationConfigContextLoaderUtils -- Could not detect default configuration classes for test class [com.chatty.utils.AuthenticationNumberUtilTest]: AuthenticationNumberUtilTest does not declare any static, non-private, non-final, nested classes annotated with @Configuration.
11:40:38.633 [Test worker] INFO org.springframework.boot.test.context.SpringBootTestContextBootstrapper -- Found @SpringBootConfiguration com.chatty.ChattyApplication for test class com.chatty.utils.AuthenticationNumberUtilTest

  .   ____          _            __ _ _
 /\\ / ___'_ __ _ _(_)_ __  __ _ \ \ \ \
( ( )\___ | '_ | '_| | '_ \/ _` | \ \ \ \
 \\/  ___)| |_)| | | | | || (_| |  ) ) ) )
  '  |____| .__|_| |_|_| |_\__, | / / / /
 =========|_|==============|___/=/_/_/_/
 :: Spring Boot ::                (v3.2.0)

2023-12-13T11:40:39.749+09:00  INFO 72581 --- [    Test worker] c.c.utils.AuthenticationNumberUtilTest   : Starting AuthenticationNumberUtilTest using Java 18.0.2 with PID 72581 (started by developer in /Users/developer/IdeaProjects/chatty)
2023-12-13T11:40:39.753+09:00  INFO 72581 --- [    Test worker] c.c.utils.AuthenticationNumberUtilTest   : The following 1 profile is active: "API-KEY"
2023-12-13T11:40:42.259+09:00  INFO 72581 --- [    Test worker] .s.d.r.c.RepositoryConfigurationDelegate : Bootstrapping Spring Data JPA repositories in DEFAULT mode.
2023-12-13T11:40:42.533+09:00  INFO 72581 --- [    Test worker] .s.d.r.c.RepositoryConfigurationDelegate : Finished Spring Data repository scanning in 255 ms. Found 1 JPA repository interface.
2023-12-13T11:40:44.111+09:00  INFO 72581 --- [    Test worker] o.hibernate.jpa.internal.util.LogHelper  : HHH000204: Processing PersistenceUnitInfo [name: default]
2023-12-13T11:40:44.188+09:00  INFO 72581 --- [    Test worker] org.hibernate.Version                    : HHH000412: Hibernate ORM core version 6.3.1.Final
2023-12-13T11:40:44.240+09:00  INFO 72581 --- [    Test worker] o.h.c.internal.RegionFactoryInitiator    : HHH000026: Second-level cache disabled
2023-12-13T11:40:44.695+09:00  INFO 72581 --- [    Test worker] o.s.o.j.p.SpringPersistenceUnitInfo      : No LoadTimeWeaver setup: ignoring JPA class transformer
2023-12-13T11:40:44.730+09:00  INFO 72581 --- [    Test worker] com.zaxxer.hikari.HikariDataSource       : HikariPool-1 - Starting...
2023-12-13T11:40:45.426+09:00  INFO 72581 --- [    Test worker] com.zaxxer.hikari.pool.HikariPool        : HikariPool-1 - Added connection com.mysql.cj.jdbc.ConnectionImpl@7878bbdb
2023-12-13T11:40:45.431+09:00  INFO 72581 --- [    Test worker] com.zaxxer.hikari.HikariDataSource       : HikariPool-1 - Start completed.
2023-12-13T11:40:46.849+09:00  INFO 72581 --- [    Test worker] o.h.e.t.j.p.i.JtaPlatformInitiator       : HHH000489: No JTA platform available (set 'hibernate.transaction.jta.platform' to enable JTA platform integration)
Hibernate: 
    drop table if exists users
Hibernate: 
    create table users (
        birth date,
        user_id bigint not null auto_increment,
        address varchar(255),
        device_id varchar(255),
        gender varchar(255),
        mbti varchar(255),
        mobile_number varchar(255),
        nickname varchar(255),
        username varchar(255),
        location varbinary(255),
        authority enum ('USER','ADMIN'),
        primary key (user_id)
    ) engine=InnoDB
2023-12-13T11:40:46.990+09:00  INFO 72581 --- [    Test worker] j.LocalContainerEntityManagerFactoryBean : Initialized JPA EntityManagerFactory for persistence unit 'default'
2023-12-13T11:40:48.627+09:00  WARN 72581 --- [    Test worker] JpaBaseConfiguration$JpaWebConfiguration : spring.jpa.open-in-view is enabled by default. Therefore, database queries may be performed during view rendering. Explicitly configure spring.jpa.open-in-view to disable this warning
2023-12-13T11:40:49.472+09:00  INFO 72581 --- [    Test worker] o.s.s.web.DefaultSecurityFilterChain     : Will secure any request with [org.springframework.security.web.session.DisableEncodeUrlFilter@2f83467, org.springframework.security.web.context.request.async.WebAsyncManagerIntegrationFilter@182469d0, org.springframework.security.web.context.SecurityContextHolderFilter@5ce03a9d, org.springframework.security.web.header.HeaderWriterFilter@73d7e7aa, org.springframework.web.filter.CorsFilter@62aefc75, org.springframework.security.web.authentication.logout.LogoutFilter@363ee411, com.chatty.jwt.JwtTokenFilter@c6653e, org.springframework.security.web.savedrequest.RequestCacheAwareFilter@1067192a, org.springframework.security.web.servletapi.SecurityContextHolderAwareRequestFilter@3f7f9d3f, org.springframework.security.web.authentication.AnonymousAuthenticationFilter@435e224d, org.springframework.security.web.access.ExceptionTranslationFilter@3f7a7ce6, org.springframework.security.web.access.intercept.AuthorizationFilter@565983f3]
2023-12-13T11:40:49.493+09:00  WARN 72581 --- [    Test worker] o.s.s.c.a.web.builders.WebSecurity       : You are asking Spring Security to ignore Ant [pattern='/api/users/**']. This is not recommended -- please use permitAll via HttpSecurity#authorizeHttpRequests instead.
2023-12-13T11:40:49.493+09:00  INFO 72581 --- [    Test worker] o.s.s.web.DefaultSecurityFilterChain     : Will not secure Ant [pattern='/api/users/**']
2023-12-13T11:40:50.127+09:00  INFO 72581 --- [    Test worker] c.c.utils.AuthenticationNumberUtilTest   : Started AuthenticationNumberUtilTest in 11.14 seconds (process running for 13.857)
199358
]]></system-out>
  <system-err><![CDATA[]]></system-err>
</testsuite>
