<?xml version="1.0" encoding="UTF-8"?>
<testsuite name="com.chatty.utils.AuthenticationNumberUtilTest" tests="1" skipped="0" failures="0" errors="0" timestamp="2023-12-13T02:45:46" hostname="bagsang-yun-ui-MacBookPro.local" time="2.742">
  <properties/>
  <testcase name="인증번호 랜덤 생성 테스트" classname="com.chatty.utils.AuthenticationNumberUtilTest" time="2.742"/>
  <system-out><![CDATA[11:45:34.030 [Test worker] INFO org.springframework.test.context.support.AnnotationConfigContextLoaderUtils -- Could not detect default configuration classes for test class [com.chatty.utils.AuthenticationNumberUtilTest]: AuthenticationNumberUtilTest does not declare any static, non-private, non-final, nested classes annotated with @Configuration.
11:45:34.290 [Test worker] INFO org.springframework.boot.test.context.SpringBootTestContextBootstrapper -- Found @SpringBootConfiguration com.chatty.ChattyApplication for test class com.chatty.utils.AuthenticationNumberUtilTest

  .   ____          _            __ _ _
 /\\ / ___'_ __ _ _(_)_ __  __ _ \ \ \ \
( ( )\___ | '_ | '_| | '_ \/ _` | \ \ \ \
 \\/  ___)| |_)| | | | | || (_| |  ) ) ) )
  '  |____| .__|_| |_|_| |_\__, | / / / /
 =========|_|==============|___/=/_/_/_/
 :: Spring Boot ::                (v3.2.0)

2023-12-13T11:45:35.273+09:00  INFO 73005 --- [    Test worker] c.c.utils.AuthenticationNumberUtilTest   : Starting AuthenticationNumberUtilTest using Java 18.0.2 with PID 73005 (started by developer in /Users/developer/IdeaProjects/chatty)
2023-12-13T11:45:35.276+09:00  INFO 73005 --- [    Test worker] c.c.utils.AuthenticationNumberUtilTest   : The following 1 profile is active: "API-KEY"
2023-12-13T11:45:37.630+09:00  INFO 73005 --- [    Test worker] .s.d.r.c.RepositoryConfigurationDelegate : Bootstrapping Spring Data JPA repositories in DEFAULT mode.
2023-12-13T11:45:38.070+09:00  INFO 73005 --- [    Test worker] .s.d.r.c.RepositoryConfigurationDelegate : Finished Spring Data repository scanning in 392 ms. Found 1 JPA repository interface.
2023-12-13T11:45:40.187+09:00  INFO 73005 --- [    Test worker] o.hibernate.jpa.internal.util.LogHelper  : HHH000204: Processing PersistenceUnitInfo [name: default]
2023-12-13T11:45:40.313+09:00  INFO 73005 --- [    Test worker] org.hibernate.Version                    : HHH000412: Hibernate ORM core version 6.3.1.Final
2023-12-13T11:45:40.390+09:00  INFO 73005 --- [    Test worker] o.h.c.internal.RegionFactoryInitiator    : HHH000026: Second-level cache disabled
2023-12-13T11:45:41.080+09:00  INFO 73005 --- [    Test worker] o.s.o.j.p.SpringPersistenceUnitInfo      : No LoadTimeWeaver setup: ignoring JPA class transformer
2023-12-13T11:45:41.149+09:00  INFO 73005 --- [    Test worker] com.zaxxer.hikari.HikariDataSource       : HikariPool-1 - Starting...
2023-12-13T11:45:41.997+09:00  INFO 73005 --- [    Test worker] com.zaxxer.hikari.pool.HikariPool        : HikariPool-1 - Added connection com.mysql.cj.jdbc.ConnectionImpl@1be77a76
2023-12-13T11:45:42.001+09:00  INFO 73005 --- [    Test worker] com.zaxxer.hikari.HikariDataSource       : HikariPool-1 - Start completed.
2023-12-13T11:45:43.340+09:00  INFO 73005 --- [    Test worker] o.h.e.t.j.p.i.JtaPlatformInitiator       : HHH000489: No JTA platform available (set 'hibernate.transaction.jta.platform' to enable JTA platform integration)
Hibernate: 
    drop table if exists users
Hibernate: 
    create table users (
        birth date,
        user_id bigint not null auto_increment,
        address varchar(255),
        device_id varchar(255),
        gender varchar(255),
        mbti varchar(255),
        mobile_number varchar(255),
        nickname varchar(255),
        username varchar(255),
        location varbinary(255),
        authority enum ('USER','ADMIN'),
        primary key (user_id)
    ) engine=InnoDB
2023-12-13T11:45:43.464+09:00  INFO 73005 --- [    Test worker] j.LocalContainerEntityManagerFactoryBean : Initialized JPA EntityManagerFactory for persistence unit 'default'
2023-12-13T11:45:44.822+09:00  WARN 73005 --- [    Test worker] JpaBaseConfiguration$JpaWebConfiguration : spring.jpa.open-in-view is enabled by default. Therefore, database queries may be performed during view rendering. Explicitly configure spring.jpa.open-in-view to disable this warning
2023-12-13T11:45:46.100+09:00  INFO 73005 --- [    Test worker] o.s.s.web.DefaultSecurityFilterChain     : Will secure any request with [org.springframework.security.web.session.DisableEncodeUrlFilter@565983f3, org.springframework.security.web.context.request.async.WebAsyncManagerIntegrationFilter@68024e57, org.springframework.security.web.context.SecurityContextHolderFilter@73d7e7aa, org.springframework.security.web.header.HeaderWriterFilter@48861d1, org.springframework.web.filter.CorsFilter@72321701, org.springframework.security.web.authentication.logout.LogoutFilter@71f86562, com.chatty.jwt.JwtTokenFilter@2f83467, org.springframework.security.web.savedrequest.RequestCacheAwareFilter@5c3e7128, org.springframework.security.web.servletapi.SecurityContextHolderAwareRequestFilter@5ce03a9d, org.springframework.security.web.authentication.AnonymousAuthenticationFilter@182469d0, org.springframework.security.web.access.ExceptionTranslationFilter@39d37da8, org.springframework.security.web.access.intercept.AuthorizationFilter@4b74a4d]
2023-12-13T11:45:46.134+09:00  WARN 73005 --- [    Test worker] o.s.s.c.a.web.builders.WebSecurity       : You are asking Spring Security to ignore Ant [pattern='/api/users/**']. This is not recommended -- please use permitAll via HttpSecurity#authorizeHttpRequests instead.
2023-12-13T11:45:46.134+09:00  INFO 73005 --- [    Test worker] o.s.s.web.DefaultSecurityFilterChain     : Will not secure Ant [pattern='/api/users/**']
2023-12-13T11:45:46.790+09:00  INFO 73005 --- [    Test worker] c.c.utils.AuthenticationNumberUtilTest   : Started AuthenticationNumberUtilTest in 12.212 seconds (process running for 14.781)
]]></system-out>
  <system-err><![CDATA[]]></system-err>
</testsuite>
